0 info it worked if it ends with ok
1 verbose cli [ '/usr/local/bin/node',
1 verbose cli   '/usr/local/bin/npm',
1 verbose cli   'install',
1 verbose cli   '-global',
1 verbose cli   'chai' ]
2 info using npm@2.15.8
3 info using node@v4.4.7
4 verbose install initial load of /usr/local/lib/package.json
5 verbose readDependencies loading dependencies from /usr/local/lib/package.json
6 silly cache add args [ 'chai', null ]
7 verbose cache add spec chai
8 silly cache add parsed spec Result {
8 silly cache add   raw: 'chai',
8 silly cache add   scope: null,
8 silly cache add   name: 'chai',
8 silly cache add   rawSpec: '',
8 silly cache add   spec: 'latest',
8 silly cache add   type: 'tag' }
9 silly addNamed chai@latest
10 verbose addNamed "latest" is being treated as a dist-tag for chai
11 info addNameTag [ 'chai', 'latest' ]
12 silly mapToRegistry name chai
13 silly mapToRegistry using default registry
14 silly mapToRegistry registry https://registry.npmjs.org/
15 silly mapToRegistry data Result {
15 silly mapToRegistry   raw: 'chai',
15 silly mapToRegistry   scope: null,
15 silly mapToRegistry   name: 'chai',
15 silly mapToRegistry   rawSpec: '',
15 silly mapToRegistry   spec: 'latest',
15 silly mapToRegistry   type: 'tag' }
16 silly mapToRegistry uri https://registry.npmjs.org/chai
17 verbose addNameTag registry:https://registry.npmjs.org/chai not in flight; fetching
18 verbose request uri https://registry.npmjs.org/chai
19 verbose request no auth needed
20 info attempt registry request try #1 at 10:14:54 AM
21 verbose request id 262fde646206b06d
22 http request GET https://registry.npmjs.org/chai
23 http 200 https://registry.npmjs.org/chai
24 verbose headers { server: 'CouchDB/1.5.0 (Erlang OTP/R16B03)',
24 verbose headers   etag: '"6A457O069DI6F82XM1LJTXPQQ"',
24 verbose headers   'content-type': 'application/json',
24 verbose headers   'content-encoding': 'gzip',
24 verbose headers   'cache-control': 'max-age=300',
24 verbose headers   'content-length': '11453',
24 verbose headers   'accept-ranges': 'bytes',
24 verbose headers   date: 'Fri, 09 Sep 2016 14:14:55 GMT',
24 verbose headers   via: '1.1 varnish',
24 verbose headers   age: '70',
24 verbose headers   connection: 'keep-alive',
24 verbose headers   'x-served-by': 'cache-jfk8133-JFK',
24 verbose headers   'x-cache': 'HIT',
24 verbose headers   'x-cache-hits': '2',
24 verbose headers   'x-timer': 'S1473430495.746706,VS0,VE0',
24 verbose headers   vary: 'Accept-Encoding' }
25 silly get cb [ 200,
25 silly get   { server: 'CouchDB/1.5.0 (Erlang OTP/R16B03)',
25 silly get     etag: '"6A457O069DI6F82XM1LJTXPQQ"',
25 silly get     'content-type': 'application/json',
25 silly get     'content-encoding': 'gzip',
25 silly get     'cache-control': 'max-age=300',
25 silly get     'content-length': '11453',
25 silly get     'accept-ranges': 'bytes',
25 silly get     date: 'Fri, 09 Sep 2016 14:14:55 GMT',
25 silly get     via: '1.1 varnish',
25 silly get     age: '70',
25 silly get     connection: 'keep-alive',
25 silly get     'x-served-by': 'cache-jfk8133-JFK',
25 silly get     'x-cache': 'HIT',
25 silly get     'x-cache-hits': '2',
25 silly get     'x-timer': 'S1473430495.746706,VS0,VE0',
25 silly get     vary: 'Accept-Encoding' } ]
26 verbose get saving chai to /Users/EricCasey/.npm/registry.npmjs.org/chai/.cache.json
27 verbose correctMkdir /Users/EricCasey/.npm correctMkdir not in flight; initializing
28 silly addNameTag next cb for chai with tag latest
29 silly addNamed chai@3.5.0
30 verbose addNamed "3.5.0" is a plain semver version for chai
31 silly mapToRegistry name chai
32 silly mapToRegistry using default registry
33 silly mapToRegistry registry https://registry.npmjs.org/
34 silly mapToRegistry data Result {
34 silly mapToRegistry   raw: 'chai',
34 silly mapToRegistry   scope: null,
34 silly mapToRegistry   name: 'chai',
34 silly mapToRegistry   rawSpec: '',
34 silly mapToRegistry   spec: 'latest',
34 silly mapToRegistry   type: 'tag' }
35 silly mapToRegistry uri https://registry.npmjs.org/chai
36 verbose addRemoteTarball https://registry.npmjs.org/chai/-/chai-3.5.0.tgz not in flight; adding
37 verbose addRemoteTarball [ 'https://registry.npmjs.org/chai/-/chai-3.5.0.tgz',
37 verbose addRemoteTarball   '4d02637b067fe958bdbfdd3a40ec56fef7373247' ]
38 info retry fetch attempt 1 at 10:14:55 AM
39 info attempt registry request try #1 at 10:14:55 AM
40 http fetch GET https://registry.npmjs.org/chai/-/chai-3.5.0.tgz
41 http fetch 200 https://registry.npmjs.org/chai/-/chai-3.5.0.tgz
42 silly fetchAndShaCheck shasum 4d02637b067fe958bdbfdd3a40ec56fef7373247
43 verbose addTmpTarball /var/folders/mc/3ytwvpz12g95x258mrz4h3n00000gn/T/npm-76643-f3bacc4e/registry.npmjs.org/chai/-/chai-3.5.0.tgz not in flight; adding
44 verbose addTmpTarball already have metadata; skipping unpack for chai@3.5.0
45 verbose correctMkdir /Users/EricCasey/.npm correctMkdir not in flight; initializing
46 silly cache afterAdd chai@3.5.0
47 verbose afterAdd /Users/EricCasey/.npm/chai/3.5.0/package/package.json not in flight; writing
48 verbose correctMkdir /Users/EricCasey/.npm correctMkdir not in flight; initializing
49 verbose afterAdd /Users/EricCasey/.npm/chai/3.5.0/package/package.json written
50 silly install resolved [ { author: { name: 'Jake Luer', email: 'jake@alogicalparadox.com' },
50 silly install resolved     name: 'chai',
50 silly install resolved     description: 'BDD/TDD assertion library for node.js and the browser. Test framework agnostic.',
50 silly install resolved     keywords: [ 'test', 'assertion', 'assert', 'testing', 'chai' ],
50 silly install resolved     homepage: 'http://chaijs.com',
50 silly install resolved     license: 'MIT',
50 silly install resolved     contributors: [ [Object], [Object], [Object], [Object] ],
50 silly install resolved     version: '3.5.0',
50 silly install resolved     repository: { type: 'git', url: 'git+https://github.com/chaijs/chai.git' },
50 silly install resolved     bugs: { url: 'https://github.com/chaijs/chai/issues' },
50 silly install resolved     main: './index',
50 silly install resolved     scripts: { test: 'make test' },
50 silly install resolved     engines: { node: '>= 0.4.0' },
50 silly install resolved     dependencies:
50 silly install resolved      { 'assertion-error': '^1.0.1',
50 silly install resolved        'deep-eql': '^0.1.3',
50 silly install resolved        'type-detect': '^1.0.0' },
50 silly install resolved     devDependencies:
50 silly install resolved      { browserify: '^10.2.1',
50 silly install resolved        'bump-cli': '^1.1.3',
50 silly install resolved        karma: '^0.13.16',
50 silly install resolved        'karma-mocha': '^0.1.10',
50 silly install resolved        'karma-sauce-launcher': '^0.2.11',
50 silly install resolved        'karma-phantomjs-launcher': '^0.2.0',
50 silly install resolved        'karma-firefox-launcher': '^0.1.6',
50 silly install resolved        mocha: '^2.2.5',
50 silly install resolved        istanbul: '^0.3.14' },
50 silly install resolved     gitHead: '4ca0218391cf947c6cfac2d1a7424a63a4b4c232',
50 silly install resolved     _id: 'chai@3.5.0',
50 silly install resolved     _shasum: '4d02637b067fe958bdbfdd3a40ec56fef7373247',
50 silly install resolved     _from: 'chai@latest',
50 silly install resolved     _npmVersion: '3.3.12',
50 silly install resolved     _nodeVersion: '5.5.0',
50 silly install resolved     _npmUser: { name: 'chaijs', email: 'chaijs@keithcirkel.co.uk' },
50 silly install resolved     dist:
50 silly install resolved      { shasum: '4d02637b067fe958bdbfdd3a40ec56fef7373247',
50 silly install resolved        tarball: 'https://registry.npmjs.org/chai/-/chai-3.5.0.tgz' },
50 silly install resolved     maintainers: [ [Object], [Object] ],
50 silly install resolved     directories: {},
50 silly install resolved     _resolved: 'https://registry.npmjs.org/chai/-/chai-3.5.0.tgz' } ]
51 info install chai@3.5.0 into /usr/local/lib
52 info installOne chai@3.5.0
53 verbose installOne of chai to /usr/local/lib not in flight; installing
54 verbose correctMkdir /Users/EricCasey/.npm/_locks correctMkdir not in flight; initializing
55 verbose lock using /Users/EricCasey/.npm/_locks/chai-52a70e19a79c958c.lock for /usr/local/lib/node_modules/chai
56 silly install write writing chai 3.5.0 to /usr/local/lib/node_modules/chai
57 verbose unbuild lib/node_modules/chai
58 silly gentlyRm /usr/local/lib/node_modules/chai is being purged from base /usr/local
59 verbose gentlyRm don't care about contents; nuking /usr/local/lib/node_modules/chai
60 verbose tar unpack /Users/EricCasey/.npm/chai/3.5.0/package.tgz
61 verbose tar unpacking to /usr/local/lib/node_modules/chai
62 silly gentlyRm /usr/local/lib/node_modules/chai is being purged
63 verbose gentlyRm don't care about contents; nuking /usr/local/lib/node_modules/chai
64 silly gunzTarPerm modes [ '755', '644' ]
65 error tar.unpack untar error /Users/EricCasey/.npm/chai/3.5.0/package.tgz
66 verbose unlock done using /Users/EricCasey/.npm/_locks/chai-52a70e19a79c958c.lock for /usr/local/lib/node_modules/chai
67 verbose fstream_path /usr/local/lib/node_modules/chai
68 verbose fstream_type Directory
69 verbose fstream_class DirWriter
70 verbose stack Error: EACCES: permission denied, mkdir '/usr/local/lib/node_modules/chai'
70 verbose stack     at Error (native)
71 verbose fstream_stack /usr/local/lib/node_modules/npm/node_modules/fstream/lib/dir-writer.js:35:25
71 verbose fstream_stack /usr/local/lib/node_modules/npm/node_modules/mkdirp/index.js:47:53
71 verbose fstream_stack FSReqWrap.oncomplete (fs.js:82:15)
72 verbose cwd /Users/EricCasey/lighthouse/packages
73 error Darwin 15.5.0
74 error argv "/usr/local/bin/node" "/usr/local/bin/npm" "install" "-global" "chai"
75 error node v4.4.7
76 error npm  v2.15.8
77 error path /usr/local/lib/node_modules/chai
78 error code EACCES
79 error errno -13
80 error syscall mkdir
81 error Error: EACCES: permission denied, mkdir '/usr/local/lib/node_modules/chai'
81 error     at Error (native)
81 error  { [Error: EACCES: permission denied, mkdir '/usr/local/lib/node_modules/chai']
81 error   errno: -13,
81 error   code: 'EACCES',
81 error   syscall: 'mkdir',
81 error   path: '/usr/local/lib/node_modules/chai',
81 error   fstream_type: 'Directory',
81 error   fstream_path: '/usr/local/lib/node_modules/chai',
81 error   fstream_class: 'DirWriter',
81 error   fstream_stack:
81 error    [ '/usr/local/lib/node_modules/npm/node_modules/fstream/lib/dir-writer.js:35:25',
81 error      '/usr/local/lib/node_modules/npm/node_modules/mkdirp/index.js:47:53',
81 error      'FSReqWrap.oncomplete (fs.js:82:15)' ] }
82 error Please try running this command again as root/Administrator.
83 verbose exit [ -13, true ]
84 verbose unbuild lib/node_modules/chai
85 silly gentlyRm /usr/local/lib/node_modules/chai is being purged from base /usr/local
86 verbose gentlyRm don't care about contents; nuking /usr/local/lib/node_modules/chai
